samples/ar-app-kotlin-sample/build/intermediates/manifest_merge_blame_file/release/processReleaseMainManifest/manifest-merger-blame-release-report.txt
1<?xml version="1.0" encoding="utf-8"?>
2<manifest xmlns:android="http://schemas.android.com/apk/res/android"
3    package="com.jose.arappkotlin.sample"
4    android:versionCode="1"
5    android:versionName="1.0" >
6
7    <uses-sdk
8        android:minSdkVersion="24"
9        android:targetSdkVersion="36" />
10
11    <!-- Permissions from original project -->
12    <uses-permission android:name="android.permission.CAMERA" />
12-->src/main/AndroidManifest.xml:6:5-65
12-->src/main/AndroidManifest.xml:6:22-62
13    <uses-permission android:name="android.permission.INTERNET" />
13-->src/main/AndroidManifest.xml:7:5-67
13-->src/main/AndroidManifest.xml:7:22-64
14
15    <!-- Features from original project -->
16    <uses-feature
16-->src/main/AndroidManifest.xml:10:5-84
17        android:name="android.hardware.camera"
17-->src/main/AndroidManifest.xml:10:19-57
18        android:required="true" />
18-->src/main/AndroidManifest.xml:10:58-81
19    <uses-feature
19-->src/main/AndroidManifest.xml:11:5-78
20        android:glEsVersion="0x00030000"
20-->src/main/AndroidManifest.xml:11:19-51
21        android:required="true" />
21-->src/main/AndroidManifest.xml:11:52-75
22    <uses-feature
22-->src/main/AndroidManifest.xml:12:5-87
23        android:name="android.hardware.camera.ar"
23-->src/main/AndroidManifest.xml:12:19-60
24        android:required="true" />
24-->src/main/AndroidManifest.xml:12:61-84
25    <!-- Include required permissions for Google Maps API to run. -->
26    <uses-permission android:name="android.permission.ACCESS_NETWORK_STATE" />
26-->[com.google.android.gms:play-services-maps:17.0.0] AndroidManifest.xml:23:5-79
26-->[com.google.android.gms:play-services-maps:17.0.0] AndroidManifest.xml:23:22-76
27
28    <permission
28-->[androidx.core:core:1.16.0] AndroidManifest.xml:22:5-24:47
29        android:name="com.jose.arappkotlin.sample.DYNAMIC_RECEIVER_NOT_EXPORTED_PERMISSION"
29-->[androidx.core:core:1.16.0] AndroidManifest.xml:23:9-81
30        android:protectionLevel="signature" />
30-->[androidx.core:core:1.16.0] AndroidManifest.xml:24:9-44
31
32    <uses-permission android:name="com.jose.arappkotlin.sample.DYNAMIC_RECEIVER_NOT_EXPORTED_PERMISSION" />
32-->[androidx.core:core:1.16.0] AndroidManifest.xml:26:5-97
32-->[androidx.core:core:1.16.0] AndroidManifest.xml:26:22-94
33
34    <queries>
34-->[com.google.ar:core:1.48.0] AndroidManifest.xml:20:5-27:15
35        <package android:name="com.google.ar.core" />
35-->[com.google.ar:core:1.48.0] AndroidManifest.xml:21:9-54
35-->[com.google.ar:core:1.48.0] AndroidManifest.xml:21:18-51
36        <package android:name="com.android.vending" />
36-->[com.google.ar:core:1.48.0] AndroidManifest.xml:22:9-55
36-->[com.google.ar:core:1.48.0] AndroidManifest.xml:22:18-52
37
38        <intent>
38-->[com.google.ar:core:1.48.0] AndroidManifest.xml:24:9-26:18
39            <action android:name="com.google.android.play.core.install.BIND_INSTALL_SERVICE" />
39-->[com.google.ar:core:1.48.0] AndroidManifest.xml:25:13-96
39-->[com.google.ar:core:1.48.0] AndroidManifest.xml:25:21-93
40        </intent>
41    </queries>
42
43    <application
43-->src/main/AndroidManifest.xml:14:5-60:19
44        android:allowBackup="true"
44-->src/main/AndroidManifest.xml:15:9-35
45        android:appComponentFactory="androidx.core.app.CoreComponentFactory"
45-->[androidx.core:core:1.16.0] AndroidManifest.xml:28:18-86
46        android:dataExtractionRules="@xml/data_extraction_rules"
46-->src/main/AndroidManifest.xml:16:9-65
47        android:extractNativeLibs="false"
48        android:fullBackupContent="@xml/backup_rules"
48-->src/main/AndroidManifest.xml:17:9-54
49        android:icon="@mipmap/ico"
49-->src/main/AndroidManifest.xml:18:9-35
50        android:label="@string/app_name"
50-->src/main/AndroidManifest.xml:19:9-41
51        android:roundIcon="@mipmap/ico"
51-->src/main/AndroidManifest.xml:20:9-40
52        android:supportsRtl="true"
52-->src/main/AndroidManifest.xml:21:9-35
53        android:theme="@style/Theme.ARappKotlin" >
53-->src/main/AndroidManifest.xml:22:9-49
54
55        <!-- Metadatos para Google Maps -->
56        <meta-data
56-->src/main/AndroidManifest.xml:26:9-28:55
57            android:name="com.google.android.geo.API_KEY"
57-->src/main/AndroidManifest.xml:27:13-58
58            android:value="@string/google_maps_key" />
58-->src/main/AndroidManifest.xml:28:13-52
59
60        <activity
60-->src/main/AndroidManifest.xml:30:9-42:20
61            android:name="com.jose.arappkotlin.ActivityModelos"
61-->src/main/AndroidManifest.xml:31:13-44
62            android:exported="true" >
62-->src/main/AndroidManifest.xml:32:13-36
63            <intent-filter>
63-->src/main/AndroidManifest.xml:33:13-37:29
64                <action android:name="android.intent.action.MAIN" />
64-->src/main/AndroidManifest.xml:34:17-69
64-->src/main/AndroidManifest.xml:34:25-66
65
66                <category android:name="android.intent.category.LAUNCHER" />
66-->src/main/AndroidManifest.xml:36:17-77
66-->src/main/AndroidManifest.xml:36:27-74
67            </intent-filter>
68
69            <meta-data
69-->src/main/AndroidManifest.xml:39:13-41:36
70                android:name="android.app.lib_name"
70-->src/main/AndroidManifest.xml:40:17-52
71                android:value="" />
71-->src/main/AndroidManifest.xml:41:17-33
72        </activity>
73        <activity
73-->src/main/AndroidManifest.xml:44:9-46:40
74            android:name="com.jose.arappkotlin.VistaInfoModel"
74-->src/main/AndroidManifest.xml:45:13-43
75            android:exported="false" />
75-->src/main/AndroidManifest.xml:46:13-37
76        <activity
76-->src/main/AndroidManifest.xml:47:9-49:39
77            android:name="com.jose.arappkotlin.MainActivity"
77-->src/main/AndroidManifest.xml:48:13-41
78            android:exported="false" />
78-->src/main/AndroidManifest.xml:49:13-37
79        <activity
79-->src/main/AndroidManifest.xml:50:9-52:39
80            android:name="com.jose.arappkotlin.Google_Map"
80-->src/main/AndroidManifest.xml:51:13-39
81            android:exported="false" />
81-->src/main/AndroidManifest.xml:52:13-37
82
83        <!--
84         ARCore need to be installed, as the app does not include any non-AR features.
85        For an "AR Optional" app, specify "optional" instead of "required".
86        -->
87        <meta-data
87-->src/main/AndroidManifest.xml:58:9-111
88            android:name="com.google.ar.core"
88-->src/main/AndroidManifest.xml:58:20-53
89            android:value="required" />
89-->src/main/AndroidManifest.xml:58:54-78
90
91        <provider
91-->[androidx.emoji2:emoji2:1.3.0] AndroidManifest.xml:24:9-32:20
92            android:name="androidx.startup.InitializationProvider"
92-->[androidx.emoji2:emoji2:1.3.0] AndroidManifest.xml:25:13-67
93            android:authorities="com.jose.arappkotlin.sample.androidx-startup"
93-->[androidx.emoji2:emoji2:1.3.0] AndroidManifest.xml:26:13-68
94            android:exported="false" >
94-->[androidx.emoji2:emoji2:1.3.0] AndroidManifest.xml:27:13-37
95            <meta-data
95-->[androidx.emoji2:emoji2:1.3.0] AndroidManifest.xml:29:13-31:52
96                android:name="androidx.emoji2.text.EmojiCompatInitializer"
96-->[androidx.emoji2:emoji2:1.3.0] AndroidManifest.xml:30:17-75
97                android:value="androidx.startup" />
97-->[androidx.emoji2:emoji2:1.3.0] AndroidManifest.xml:31:17-49
98            <meta-data
98-->[androidx.lifecycle:lifecycle-process:2.8.3] AndroidManifest.xml:29:13-31:52
99                android:name="androidx.lifecycle.ProcessLifecycleInitializer"
99-->[androidx.lifecycle:lifecycle-process:2.8.3] AndroidManifest.xml:30:17-78
100                android:value="androidx.startup" />
100-->[androidx.lifecycle:lifecycle-process:2.8.3] AndroidManifest.xml:31:17-49
101            <meta-data
101-->[androidx.profileinstaller:profileinstaller:1.3.1] AndroidManifest.xml:29:13-31:52
102                android:name="androidx.profileinstaller.ProfileInstallerInitializer"
102-->[androidx.profileinstaller:profileinstaller:1.3.1] AndroidManifest.xml:30:17-85
103                android:value="androidx.startup" />
103-->[androidx.profileinstaller:profileinstaller:1.3.1] AndroidManifest.xml:31:17-49
104        </provider> <!-- Needs to be explicitly declared on P+ -->
105        <uses-library
105-->[com.google.android.gms:play-services-maps:17.0.0] AndroidManifest.xml:33:9-35:40
106            android:name="org.apache.http.legacy"
106-->[com.google.android.gms:play-services-maps:17.0.0] AndroidManifest.xml:34:13-50
107            android:required="false" />
107-->[com.google.android.gms:play-services-maps:17.0.0] AndroidManifest.xml:35:13-37
108
109        <activity
109-->[com.google.android.gms:play-services-base:17.0.0] AndroidManifest.xml:23:9-26:75
110            android:name="com.google.android.gms.common.api.GoogleApiActivity"
110-->[com.google.android.gms:play-services-base:17.0.0] AndroidManifest.xml:24:13-79
111            android:exported="false"
111-->[com.google.android.gms:play-services-base:17.0.0] AndroidManifest.xml:25:13-37
112            android:theme="@android:style/Theme.Translucent.NoTitleBar" />
112-->[com.google.android.gms:play-services-base:17.0.0] AndroidManifest.xml:26:13-72
113
114        <meta-data
114-->[com.google.android.gms:play-services-basement:17.0.0] AndroidManifest.xml:23:9-25:69
115            android:name="com.google.android.gms.version"
115-->[com.google.android.gms:play-services-basement:17.0.0] AndroidManifest.xml:24:13-58
116            android:value="@integer/google_play_services_version" />
116-->[com.google.android.gms:play-services-basement:17.0.0] AndroidManifest.xml:25:13-66
117
118        <receiver
118-->[androidx.profileinstaller:profileinstaller:1.3.1] AndroidManifest.xml:34:9-52:20
119            android:name="androidx.profileinstaller.ProfileInstallReceiver"
119-->[androidx.profileinstaller:profileinstaller:1.3.1] AndroidManifest.xml:35:13-76
120            android:directBootAware="false"
120-->[androidx.profileinstaller:profileinstaller:1.3.1] AndroidManifest.xml:36:13-44
121            android:enabled="true"
121-->[androidx.profileinstaller:profileinstaller:1.3.1] AndroidManifest.xml:37:13-35
122            android:exported="true"
122-->[androidx.profileinstaller:profileinstaller:1.3.1] AndroidManifest.xml:38:13-36
123            android:permission="android.permission.DUMP" >
123-->[androidx.profileinstaller:profileinstaller:1.3.1] AndroidManifest.xml:39:13-57
124            <intent-filter>
124-->[androidx.profileinstaller:profileinstaller:1.3.1] AndroidManifest.xml:40:13-42:29
125                <action android:name="androidx.profileinstaller.action.INSTALL_PROFILE" />
125-->[androidx.profileinstaller:profileinstaller:1.3.1] AndroidManifest.xml:41:17-91
125-->[androidx.profileinstaller:profileinstaller:1.3.1] AndroidManifest.xml:41:25-88
126            </intent-filter>
127            <intent-filter>
127-->[androidx.profileinstaller:profileinstaller:1.3.1] AndroidManifest.xml:43:13-45:29
128                <action android:name="androidx.profileinstaller.action.SKIP_FILE" />
128-->[androidx.profileinstaller:profileinstaller:1.3.1] AndroidManifest.xml:44:17-85
128-->[androidx.profileinstaller:profileinstaller:1.3.1] AndroidManifest.xml:44:25-82
129            </intent-filter>
130            <intent-filter>
130-->[androidx.profileinstaller:profileinstaller:1.3.1] AndroidManifest.xml:46:13-48:29
131                <action android:name="androidx.profileinstaller.action.SAVE_PROFILE" />
131-->[androidx.profileinstaller:profileinstaller:1.3.1] AndroidManifest.xml:47:17-88
131-->[androidx.profileinstaller:profileinstaller:1.3.1] AndroidManifest.xml:47:25-85
132            </intent-filter>
133            <intent-filter>
133-->[androidx.profileinstaller:profileinstaller:1.3.1] AndroidManifest.xml:49:13-51:29
134                <action android:name="androidx.profileinstaller.action.BENCHMARK_OPERATION" />
134-->[androidx.profileinstaller:profileinstaller:1.3.1] AndroidManifest.xml:50:17-95
134-->[androidx.profileinstaller:profileinstaller:1.3.1] AndroidManifest.xml:50:25-92
135            </intent-filter>
136        </receiver> <!-- The minimal version code of ARCore APK required for an app using this SDK. -->
137        <meta-data
137-->[com.google.ar:core:1.48.0] AndroidManifest.xml:32:9-34:41
138            android:name="com.google.ar.core.min_apk_version"
138-->[com.google.ar:core:1.48.0] AndroidManifest.xml:33:13-62
139            android:value="250210000" /> <!-- This activity is critical for installing ARCore when it is not already present. -->
139-->[com.google.ar:core:1.48.0] AndroidManifest.xml:34:13-38
140        <activity
140-->[com.google.ar:core:1.48.0] AndroidManifest.xml:36:9-42:80
141            android:name="com.google.ar.core.InstallActivity"
141-->[com.google.ar:core:1.48.0] AndroidManifest.xml:37:13-62
142            android:configChanges="keyboardHidden|orientation|screenSize"
142-->[com.google.ar:core:1.48.0] AndroidManifest.xml:38:13-74
143            android:excludeFromRecents="true"
143-->[com.google.ar:core:1.48.0] AndroidManifest.xml:39:13-46
144            android:exported="false"
144-->[com.google.ar:core:1.48.0] AndroidManifest.xml:40:13-37
145            android:launchMode="singleTop"
145-->[com.google.ar:core:1.48.0] AndroidManifest.xml:41:13-43
146            android:theme="@android:style/Theme.Material.Light.Dialog.Alert" />
146-->[com.google.ar:core:1.48.0] AndroidManifest.xml:42:13-77
147    </application>
148
149</manifest>